==32506== Memcheck, a memory error detector
==32506== Copyright (C) 2002-2015, and GNU GPL'd, by Julian Seward et al.
==32506== Using Valgrind-3.11.0 and LibVEX; rerun with -h for copyright info
==32506== Command: ./../../ECILS_BsplineFit ice_data.dat ecils.dat 2 1.e-05
==32506== Parent PID: 30506
==32506== 
==32506== 
==32506== HEAP SUMMARY:
==32506==     in use at exit: 73,304 bytes in 4 blocks
==32506==   total heap usage: 3,071,168 allocs, 3,071,164 frees, 861,339,516 bytes allocated
==32506== 
==32506== LEAK SUMMARY:
==32506==    definitely lost: 0 bytes in 0 blocks
==32506==    indirectly lost: 0 bytes in 0 blocks
==32506==      possibly lost: 0 bytes in 0 blocks
==32506==    still reachable: 73,304 bytes in 4 blocks
==32506==         suppressed: 0 bytes in 0 blocks
==32506== Reachable blocks (those to which a pointer was found) are not shown.
==32506== To see them, rerun with: --leak-check=full --show-leak-kinds=all
==32506== 
==32506== For counts of detected and suppressed errors, rerun with: -v
==32506== ERROR SUMMARY: 0 errors from 0 contexts (suppressed: 0 from 0)
