==30006== Memcheck, a memory error detector
==30006== Copyright (C) 2002-2015, and GNU GPL'd, by Julian Seward et al.
==30006== Using Valgrind-3.11.0 and LibVEX; rerun with -h for copyright info
==30006== Command: ./../../newLSBsplineFit data2.txt specdir 2 1.e-03
==30006== Parent PID: 5084
==30006== 
==30006== 
==30006== HEAP SUMMARY:
==30006==     in use at exit: 73,856 bytes in 5 blocks
==30006==   total heap usage: 51,738 allocs, 51,733 frees, 3,899,920 bytes allocated
==30006== 
==30006== LEAK SUMMARY:
==30006==    definitely lost: 0 bytes in 0 blocks
==30006==    indirectly lost: 0 bytes in 0 blocks
==30006==      possibly lost: 0 bytes in 0 blocks
==30006==    still reachable: 73,856 bytes in 5 blocks
==30006==         suppressed: 0 bytes in 0 blocks
==30006== Reachable blocks (those to which a pointer was found) are not shown.
==30006== To see them, rerun with: --leak-check=full --show-leak-kinds=all
==30006== 
==30006== For counts of detected and suppressed errors, rerun with: -v
==30006== ERROR SUMMARY: 0 errors from 0 contexts (suppressed: 0 from 0)
