==7959== Memcheck, a memory error detector
==7959== Copyright (C) 2002-2015, and GNU GPL'd, by Julian Seward et al.
==7959== Using Valgrind-3.11.0 and LibVEX; rerun with -h for copyright info
==7959== Command: ./../../../LSBsplineFit data1.txt dataspline 2 1.e-07
==7959== Parent PID: 23524
==7959== 
==7959== 
==7959== HEAP SUMMARY:
==7959==     in use at exit: 73,856 bytes in 5 blocks
==7959==   total heap usage: 1,592,773 allocs, 1,592,768 frees, 144,410,212 bytes allocated
==7959== 
==7959== LEAK SUMMARY:
==7959==    definitely lost: 0 bytes in 0 blocks
==7959==    indirectly lost: 0 bytes in 0 blocks
==7959==      possibly lost: 0 bytes in 0 blocks
==7959==    still reachable: 73,856 bytes in 5 blocks
==7959==         suppressed: 0 bytes in 0 blocks
==7959== Reachable blocks (those to which a pointer was found) are not shown.
==7959== To see them, rerun with: --leak-check=full --show-leak-kinds=all
==7959== 
==7959== For counts of detected and suppressed errors, rerun with: -v
==7959== ERROR SUMMARY: 0 errors from 0 contexts (suppressed: 0 from 0)
